
**** 09/01/15 23:17:29 *********** Evaluation PSpice (Nov 1999) **************

 * C:\Users\Termin\Documents\PSPice\ProblemDimop.sch


 ****     CIRCUIT DESCRIPTION


******************************************************************************




* Schematics Version 9.1 - Web Update 1
* Tue Sep 01 21:25:30 2015



** Analysis setup **
.ac LIN 1001 10 100K
.OP 


* From [PSPICE NETLIST] section of pspiceev.ini:
.lib "nom.lib"

.INC "ProblemDimop.net"

**** INCLUDING ProblemDimop.net ****
* Schematics Netlist *



V_V1         $N_0001 0 DC 0V AC 40V 
C_C1         $N_0001 $N_0002  1n  
R_Ra         0 $N_0003  20.236k  
R_R4         0 $N_0004  20.177k  
C_C3         $N_0005 $N_0004  1n  
C_C2         $N_0006 $N_0005  1n  
E_U1         $N_0007 0 VALUE {LIMIT(V($N_0004,$N_0003)*1E6,-15V,+15V)}
R_Rb         $N_0003 $N_0007  30.443k  
R_R5         $N_0007 $N_0008  10k  
R_R7         0 $N_0008  7.33k  
R_R1         0 $N_0002  10k  
E_U2         $N_0006 0 VALUE {LIMIT(V($N_0002,$N_0006)*1E6,-15V,+15V)}
R_R2         $N_0005 $N_0007  20.177k  

**** RESUMING ProblemDimop.cir ****
.INC "ProblemDimop.als"



**** INCLUDING ProblemDimop.als ****
* Schematics Aliases *

.ALIASES
V_V1            V1(+=$N_0001 -=0 )
C_C1            C1(1=$N_0001 2=$N_0002 )
R_Ra            Ra(1=0 2=$N_0003 )
R_R4            R4(1=0 2=$N_0004 )
C_C3            C3(1=$N_0005 2=$N_0004 )
C_C2            C2(1=$N_0006 2=$N_0005 )
E_U1            U1(OUT=$N_0007 +=$N_0004 -=$N_0003 )
R_Rb            Rb(1=$N_0003 2=$N_0007 )
R_R5            R5(1=$N_0007 2=$N_0008 )
R_R7            R7(1=0 2=$N_0008 )
R_R1            R1(1=0 2=$N_0002 )
E_U2            U2(OUT=$N_0006 +=$N_0002 -=$N_0006 )
R_R2            R2(1=$N_0005 2=$N_0007 )
.ENDALIASES


**** RESUMING ProblemDimop.cir ****
.probe


.END

**** 09/01/15 23:17:29 *********** Evaluation PSpice (Nov 1999) **************

 * C:\Users\Termin\Documents\PSPice\ProblemDimop.sch


 ****     SMALL SIGNAL BIAS SOLUTION       TEMPERATURE =   27.000 DEG C


******************************************************************************



 NODE   VOLTAGE     NODE   VOLTAGE     NODE   VOLTAGE     NODE   VOLTAGE


($N_0001)    0.0000                   ($N_0002)    0.0000                       

($N_0003)    0.0000                   ($N_0004)    0.0000                       

($N_0005)    0.0000                   ($N_0006)    0.0000                       

($N_0007)    0.0000                   ($N_0008)    0.0000                   




    VOLTAGE SOURCE CURRENTS
    NAME         CURRENT

    V_V1         0.000E+00

    TOTAL POWER DISSIPATION   0.00E+00  WATTS


**** 09/01/15 23:17:29 *********** Evaluation PSpice (Nov 1999) **************

 * C:\Users\Termin\Documents\PSPice\ProblemDimop.sch


 ****     OPERATING POINT INFORMATION      TEMPERATURE =   27.000 DEG C


******************************************************************************






**** VOLTAGE-CONTROLLED VOLTAGE SOURCES


NAME         E_U1        E_U2      
V-SOURCE     0.000E+00   0.000E+00
I-SOURCE     0.000E+00   0.000E+00

          JOB CONCLUDED

          TOTAL JOB TIME             .02
